{"uid":"1cbb1a11529af5cd","name":"test_summary","fullName":"tests.test_user_auth.TestUserAuth#test_summary","historyId":"60e3e602e149baf1e578e11e95f1fb22","time":{"start":1697127752520,"stop":1697127752520,"duration":0},"description":"Final test to check if there were any identification errors for User Agents","descriptionHtml":"<p>Final test to check if there were any identification errors for User Agents</p>\n","status":"skipped","statusMessage":"XFAIL Test passes individually but may fail in a suite run\n\nAssertionError: Failed User Agents: [('Mozilla/5.0 (iPad; CPU OS 13_2 like Mac OS X) AppleWebKit/605.1.15 (KHTML, like Gecko) CriOS/91.0.4472.77 Mobile/15E148 Safari/604.1', 'browser', 'Chrome', 'No'), ('Mozilla/5.0 (compatible; Googlebot/2.1; +http://www.google.com/bot.html)', 'platform', 'Googlebot', 'Unknown'), ('Mozilla/5.0 (iPad; CPU iPhone OS 13_2_3 like Mac OS X) AppleWebKit/605.1.15 (KHTML, like Gecko) Version/13.0.3 Mobile/15E148 Safari/604.1', 'device', 'iPhone', 'Unknown')]\nassert 3 == 0\n +  where 3 = len([('Mozilla/5.0 (iPad; CPU OS 13_2 like Mac OS X) AppleWebKit/605.1.15 (KHTML, like Gecko) CriOS/91.0.4472.77 Mobile/15...X) AppleWebKit/605.1.15 (KHTML, like Gecko) Version/13.0.3 Mobile/15E148 Safari/604.1', 'device', 'iPhone', 'Unknown')])\n +    where [('Mozilla/5.0 (iPad; CPU OS 13_2 like Mac OS X) AppleWebKit/605.1.15 (KHTML, like Gecko) CriOS/91.0.4472.77 Mobile/15...X) AppleWebKit/605.1.15 (KHTML, like Gecko) Version/13.0.3 Mobile/15E148 Safari/604.1', 'device', 'iPhone', 'Unknown')] = <tests.test_user_auth.TestUserAuth object at 0x7fc6623da7d0>.failed_agents","statusTrace":"self = <tests.test_user_auth.TestUserAuth object at 0x7fc6623da7d0>\n\n    @allure.description(\"Final test to check if there were any identification errors for User Agents\")\n    @pytest.mark.xfail(reason=\"Test passes individually but may fail in a suite run\")\n    def test_summary(self):\n        \"\"\"\n        Итоговый тест, который проверяет, были ли ошибки в определении User Agent\n        \"\"\"\n>       assert len(self.failed_agents) == 0, f\"Failed User Agents: {self.failed_agents}\"\nE       AssertionError: Failed User Agents: [('Mozilla/5.0 (iPad; CPU OS 13_2 like Mac OS X) AppleWebKit/605.1.15 (KHTML, like Gecko) CriOS/91.0.4472.77 Mobile/15E148 Safari/604.1', 'browser', 'Chrome', 'No'), ('Mozilla/5.0 (compatible; Googlebot/2.1; +http://www.google.com/bot.html)', 'platform', 'Googlebot', 'Unknown'), ('Mozilla/5.0 (iPad; CPU iPhone OS 13_2_3 like Mac OS X) AppleWebKit/605.1.15 (KHTML, like Gecko) Version/13.0.3 Mobile/15E148 Safari/604.1', 'device', 'iPhone', 'Unknown')]\nE       assert 3 == 0\nE        +  where 3 = len([('Mozilla/5.0 (iPad; CPU OS 13_2 like Mac OS X) AppleWebKit/605.1.15 (KHTML, like Gecko) CriOS/91.0.4472.77 Mobile/15...X) AppleWebKit/605.1.15 (KHTML, like Gecko) Version/13.0.3 Mobile/15E148 Safari/604.1', 'device', 'iPhone', 'Unknown')])\nE        +    where [('Mozilla/5.0 (iPad; CPU OS 13_2 like Mac OS X) AppleWebKit/605.1.15 (KHTML, like Gecko) CriOS/91.0.4472.77 Mobile/15...X) AppleWebKit/605.1.15 (KHTML, like Gecko) Version/13.0.3 Mobile/15E148 Safari/604.1', 'device', 'iPhone', 'Unknown')] = <tests.test_user_auth.TestUserAuth object at 0x7fc6623da7d0>.failed_agents\n\ntests/test_user_auth.py:154: AssertionError","flaky":false,"newFailed":false,"newBroken":false,"newPassed":false,"retriesCount":0,"retriesStatusChange":false,"beforeStages":[{"name":"_xunit_setup_method_fixture_TestUserAuth","time":{"start":1697127752076,"stop":1697127752519,"duration":443},"status":"passed","steps":[{"name":"Setting up user authentication and necessary tokens and cookies","time":{"start":1697127752076,"stop":1697127752519,"duration":443},"status":"passed","steps":[{"name":"POST request to URL '/user/login'","time":{"start":1697127752077,"stop":1697127752518,"duration":441},"status":"passed","steps":[],"attachments":[],"parameters":[],"shouldDisplayMessage":false,"stepsCount":0,"attachmentsCount":0,"hasContent":false}],"attachments":[],"parameters":[{"name":"method","value":"<bound method TestUserAuth.test_summary of <tests.test_user_auth.TestUserAuth object at 0x7fc6623da7d0>>"}],"shouldDisplayMessage":false,"stepsCount":1,"attachmentsCount":0,"hasContent":true}],"attachments":[],"parameters":[],"shouldDisplayMessage":false,"stepsCount":2,"attachmentsCount":0,"hasContent":true}],"afterStages":[{"name":"_xunit_setup_method_fixture_TestUserAuth::0","time":{"start":1697127752542,"stop":1697127752542,"duration":0},"status":"passed","steps":[],"attachments":[],"parameters":[],"shouldDisplayMessage":false,"stepsCount":0,"attachmentsCount":0,"hasContent":false}],"labels":[{"name":"epic","value":"User Authentication Tests"},{"name":"tag","value":"@pytest.mark.xfail(reason='Test passes individually but may fail in a suite run')"},{"name":"parentSuite","value":"tests"},{"name":"suite","value":"test_user_auth"},{"name":"subSuite","value":"TestUserAuth"},{"name":"host","value":"fv-az934-584"},{"name":"thread","value":"2203-MainThread"},{"name":"framework","value":"pytest"},{"name":"language","value":"cpython3"},{"name":"package","value":"tests.test_user_auth"},{"name":"resultFormat","value":"allure2"}],"parameters":[],"links":[],"hidden":false,"retry":false,"extra":{"severity":"normal","retries":[],"categories":[],"history":{"statistic":{"failed":0,"broken":0,"skipped":5,"passed":0,"unknown":0,"total":5},"items":[{"uid":"4ca86df811c38b74","reportUrl":"https://Badx86.github.io/LearnQA_Python_API/2//#testresult/4ca86df811c38b74","status":"skipped","statusDetails":"XFAIL Test passes individually but may fail in a suite run\n\nAssertionError: Failed User Agents: [('Mozilla/5.0 (iPad; CPU OS 13_2 like Mac OS X) AppleWebKit/605.1.15 (KHTML, like Gecko) CriOS/91.0.4472.77 Mobile/15E148 Safari/604.1', 'browser', 'Chrome', 'No'), ('Mozilla/5.0 (compatible; Googlebot/2.1; +http://www.google.com/bot.html)', 'platform', 'Googlebot', 'Unknown'), ('Mozilla/5.0 (iPad; CPU iPhone OS 13_2_3 like Mac OS X) AppleWebKit/605.1.15 (KHTML, like Gecko) Version/13.0.3 Mobile/15E148 Safari/604.1', 'device', 'iPhone', 'Unknown')]\nassert 3 == 0\n +  where 3 = len([('Mozilla/5.0 (iPad; CPU OS 13_2 like Mac OS X) AppleWebKit/605.1.15 (KHTML, like Gecko) CriOS/91.0.4472.77 Mobile/15...X) AppleWebKit/605.1.15 (KHTML, like Gecko) Version/13.0.3 Mobile/15E148 Safari/604.1', 'device', 'iPhone', 'Unknown')])\n +    where [('Mozilla/5.0 (iPad; CPU OS 13_2 like Mac OS X) AppleWebKit/605.1.15 (KHTML, like Gecko) CriOS/91.0.4472.77 Mobile/15...X) AppleWebKit/605.1.15 (KHTML, like Gecko) Version/13.0.3 Mobile/15E148 Safari/604.1', 'device', 'iPhone', 'Unknown')] = <tests.test_user_auth.TestUserAuth object at 0x7f3ac60b2950>.failed_agents","time":{"start":1697126821397,"stop":1697126821398,"duration":1}},{"uid":"e2c3948d92641453","reportUrl":"https://Badx86.github.io/LearnQA_Python_API/1//#testresult/e2c3948d92641453","status":"skipped","statusDetails":"XFAIL Test passes individually but may fail in a suite run\n\nAssertionError: Failed User Agents: [('Mozilla/5.0 (iPad; CPU OS 13_2 like Mac OS X) AppleWebKit/605.1.15 (KHTML, like Gecko) CriOS/91.0.4472.77 Mobile/15E148 Safari/604.1', 'browser', 'Chrome', 'No'), ('Mozilla/5.0 (compatible; Googlebot/2.1; +http://www.google.com/bot.html)', 'platform', 'Googlebot', 'Unknown'), ('Mozilla/5.0 (iPad; CPU iPhone OS 13_2_3 like Mac OS X) AppleWebKit/605.1.15 (KHTML, like Gecko) Version/13.0.3 Mobile/15E148 Safari/604.1', 'device', 'iPhone', 'Unknown')]\nassert 3 == 0\n +  where 3 = len([('Mozilla/5.0 (iPad; CPU OS 13_2 like Mac OS X) AppleWebKit/605.1.15 (KHTML, like Gecko) CriOS/91.0.4472.77 Mobile/15...X) AppleWebKit/605.1.15 (KHTML, like Gecko) Version/13.0.3 Mobile/15E148 Safari/604.1', 'device', 'iPhone', 'Unknown')])\n +    where [('Mozilla/5.0 (iPad; CPU OS 13_2 like Mac OS X) AppleWebKit/605.1.15 (KHTML, like Gecko) CriOS/91.0.4472.77 Mobile/15...X) AppleWebKit/605.1.15 (KHTML, like Gecko) Version/13.0.3 Mobile/15E148 Safari/604.1', 'device', 'iPhone', 'Unknown')] = <tests.test_user_auth.TestUserAuth object at 0x7f7d2f5e6050>.failed_agents","time":{"start":1697126388816,"stop":1697126388816,"duration":0}},{"uid":"dbc598ae4463d01e","reportUrl":"https://Badx86.github.io/LearnQA_Python_API/2//#testresult/dbc598ae4463d01e","status":"skipped","statusDetails":"XFAIL Test passes individually but may fail in a suite run\n\nAssertionError: Failed User Agents: [('Mozilla/5.0 (iPad; CPU OS 13_2 like Mac OS X) AppleWebKit/605.1.15 (KHTML, like Gecko) CriOS/91.0.4472.77 Mobile/15E148 Safari/604.1', 'browser', 'Chrome', 'No'), ('Mozilla/5.0 (compatible; Googlebot/2.1; +http://www.google.com/bot.html)', 'platform', 'Googlebot', 'Unknown'), ('Mozilla/5.0 (iPad; CPU iPhone OS 13_2_3 like Mac OS X) AppleWebKit/605.1.15 (KHTML, like Gecko) Version/13.0.3 Mobile/15E148 Safari/604.1', 'device', 'iPhone', 'Unknown')]\nassert 3 == 0\n +  where 3 = len([('Mozilla/5.0 (iPad; CPU OS 13_2 like Mac OS X) AppleWebKit/605.1.15 (KHTML, like Gecko) CriOS/91.0.4472.77 Mobile/15...X) AppleWebKit/605.1.15 (KHTML, like Gecko) Version/13.0.3 Mobile/15E148 Safari/604.1', 'device', 'iPhone', 'Unknown')])\n +    where [('Mozilla/5.0 (iPad; CPU OS 13_2 like Mac OS X) AppleWebKit/605.1.15 (KHTML, like Gecko) CriOS/91.0.4472.77 Mobile/15...X) AppleWebKit/605.1.15 (KHTML, like Gecko) Version/13.0.3 Mobile/15E148 Safari/604.1', 'device', 'iPhone', 'Unknown')] = <tests.test_user_auth.TestUserAuth object at 0x7f2bd5cea4d0>.failed_agents","time":{"start":1697126037530,"stop":1697126037531,"duration":1}},{"uid":"62c3e0ee006b5cd3","reportUrl":"https://Badx86.github.io/LearnQA_Python_API/1//#testresult/62c3e0ee006b5cd3","status":"skipped","statusDetails":"XFAIL Test passes individually but may fail in a suite run\n\nAssertionError: Failed User Agents: [('Mozilla/5.0 (iPad; CPU OS 13_2 like Mac OS X) AppleWebKit/605.1.15 (KHTML, like Gecko) CriOS/91.0.4472.77 Mobile/15E148 Safari/604.1', 'browser', 'Chrome', 'No'), ('Mozilla/5.0 (compatible; Googlebot/2.1; +http://www.google.com/bot.html)', 'platform', 'Googlebot', 'Unknown'), ('Mozilla/5.0 (iPad; CPU iPhone OS 13_2_3 like Mac OS X) AppleWebKit/605.1.15 (KHTML, like Gecko) Version/13.0.3 Mobile/15E148 Safari/604.1', 'device', 'iPhone', 'Unknown')]\nassert 3 == 0\n +  where 3 = len([('Mozilla/5.0 (iPad; CPU OS 13_2 like Mac OS X) AppleWebKit/605.1.15 (KHTML, like Gecko) CriOS/91.0.4472.77 Mobile/15...X) AppleWebKit/605.1.15 (KHTML, like Gecko) Version/13.0.3 Mobile/15E148 Safari/604.1', 'device', 'iPhone', 'Unknown')])\n +    where [('Mozilla/5.0 (iPad; CPU OS 13_2 like Mac OS X) AppleWebKit/605.1.15 (KHTML, like Gecko) CriOS/91.0.4472.77 Mobile/15...X) AppleWebKit/605.1.15 (KHTML, like Gecko) Version/13.0.3 Mobile/15E148 Safari/604.1', 'device', 'iPhone', 'Unknown')] = <tests.test_user_auth.TestUserAuth object at 0x7f3b74fe6410>.failed_agents","time":{"start":1697125829101,"stop":1697125829101,"duration":0}}]},"tags":["@pytest.mark.xfail(reason='Test passes individually but may fail in a suite run')"]},"source":"1cbb1a11529af5cd.json","parameterValues":[]}