{"uid":"1626e7a130553db","name":"test_summary","fullName":"tests.test_user_auth.TestUserAuth#test_summary","historyId":"60e3e602e149baf1e578e11e95f1fb22","time":{"start":1697605624859,"stop":1697605624859,"duration":0},"description":"Final test to check if there were any identification errors for User Agents","descriptionHtml":"<p>Final test to check if there were any identification errors for User Agents</p>\n","status":"skipped","statusMessage":"XFAIL Test passes individually but may fail in a suite run\n\nAssertionError: Failed User Agents: [('Mozilla/5.0 (iPad; CPU OS 13_2 like Mac OS X) AppleWebKit/605.1.15 (KHTML, like Gecko) CriOS/91.0.4472.77 Mobile/15E148 Safari/604.1', 'browser', 'Chrome', 'No'), ('Mozilla/5.0 (compatible; Googlebot/2.1; +http://www.google.com/bot.html)', 'platform', 'Googlebot', 'Unknown'), ('Mozilla/5.0 (iPad; CPU iPhone OS 13_2_3 like Mac OS X) AppleWebKit/605.1.15 (KHTML, like Gecko) Version/13.0.3 Mobile/15E148 Safari/604.1', 'device', 'iPhone', 'Unknown')]\nassert 3 == 0\n +  where 3 = len([('Mozilla/5.0 (iPad; CPU OS 13_2 like Mac OS X) AppleWebKit/605.1.15 (KHTML, like Gecko) CriOS/91.0.4472.77 Mobile/15...X) AppleWebKit/605.1.15 (KHTML, like Gecko) Version/13.0.3 Mobile/15E148 Safari/604.1', 'device', 'iPhone', 'Unknown')])\n +    where [('Mozilla/5.0 (iPad; CPU OS 13_2 like Mac OS X) AppleWebKit/605.1.15 (KHTML, like Gecko) CriOS/91.0.4472.77 Mobile/15...X) AppleWebKit/605.1.15 (KHTML, like Gecko) Version/13.0.3 Mobile/15E148 Safari/604.1', 'device', 'iPhone', 'Unknown')] = <tests.test_user_auth.TestUserAuth object at 0x7f68177e30d0>.failed_agents","statusTrace":"self = <tests.test_user_auth.TestUserAuth object at 0x7f68177e30d0>\n\n    @allure.description(\"Final test to check if there were any identification errors for User Agents\")\n    @pytest.mark.xfail(reason=\"Test passes individually but may fail in a suite run\")\n    def test_summary(self):\n        \"\"\"\n        Итоговый тест, который проверяет, были ли ошибки в определении User Agent\n        \"\"\"\n>       assert len(self.failed_agents) == 0, f\"Failed User Agents: {self.failed_agents}\"\nE       AssertionError: Failed User Agents: [('Mozilla/5.0 (iPad; CPU OS 13_2 like Mac OS X) AppleWebKit/605.1.15 (KHTML, like Gecko) CriOS/91.0.4472.77 Mobile/15E148 Safari/604.1', 'browser', 'Chrome', 'No'), ('Mozilla/5.0 (compatible; Googlebot/2.1; +http://www.google.com/bot.html)', 'platform', 'Googlebot', 'Unknown'), ('Mozilla/5.0 (iPad; CPU iPhone OS 13_2_3 like Mac OS X) AppleWebKit/605.1.15 (KHTML, like Gecko) Version/13.0.3 Mobile/15E148 Safari/604.1', 'device', 'iPhone', 'Unknown')]\nE       assert 3 == 0\nE        +  where 3 = len([('Mozilla/5.0 (iPad; CPU OS 13_2 like Mac OS X) AppleWebKit/605.1.15 (KHTML, like Gecko) CriOS/91.0.4472.77 Mobile/15...X) AppleWebKit/605.1.15 (KHTML, like Gecko) Version/13.0.3 Mobile/15E148 Safari/604.1', 'device', 'iPhone', 'Unknown')])\nE        +    where [('Mozilla/5.0 (iPad; CPU OS 13_2 like Mac OS X) AppleWebKit/605.1.15 (KHTML, like Gecko) CriOS/91.0.4472.77 Mobile/15...X) AppleWebKit/605.1.15 (KHTML, like Gecko) Version/13.0.3 Mobile/15E148 Safari/604.1', 'device', 'iPhone', 'Unknown')] = <tests.test_user_auth.TestUserAuth object at 0x7f68177e30d0>.failed_agents\n\ntests/test_user_auth.py:154: AssertionError","flaky":false,"newFailed":false,"newBroken":false,"newPassed":false,"retriesCount":0,"retriesStatusChange":false,"beforeStages":[{"name":"_xunit_setup_method_fixture_TestUserAuth","time":{"start":1697605624183,"stop":1697605624858,"duration":675},"status":"passed","steps":[{"name":"Setting up user authentication and necessary tokens and cookies","time":{"start":1697605624183,"stop":1697605624858,"duration":675},"status":"passed","steps":[{"name":"POST request to URL '/user/login'","time":{"start":1697605624183,"stop":1697605624856,"duration":673},"status":"passed","steps":[],"attachments":[],"parameters":[],"shouldDisplayMessage":false,"stepsCount":0,"attachmentsCount":0,"hasContent":false}],"attachments":[],"parameters":[{"name":"method","value":"<bound method TestUserAuth.test_summary of <tests.test_user_auth.TestUserAuth object at 0x7f68177e30d0>>"}],"shouldDisplayMessage":false,"stepsCount":1,"attachmentsCount":0,"hasContent":true}],"attachments":[],"parameters":[],"shouldDisplayMessage":false,"stepsCount":2,"attachmentsCount":0,"hasContent":true}],"afterStages":[{"name":"_xunit_setup_method_fixture_TestUserAuth::0","time":{"start":1697605624887,"stop":1697605624887,"duration":0},"status":"passed","steps":[],"attachments":[],"parameters":[],"shouldDisplayMessage":false,"stepsCount":0,"attachmentsCount":0,"hasContent":false}],"labels":[{"name":"epic","value":"User Authentication Tests"},{"name":"tag","value":"@pytest.mark.xfail(reason='Test passes individually but may fail in a suite run')"},{"name":"parentSuite","value":"tests"},{"name":"suite","value":"test_user_auth"},{"name":"subSuite","value":"TestUserAuth"},{"name":"host","value":"fv-az176-601"},{"name":"thread","value":"2240-MainThread"},{"name":"framework","value":"pytest"},{"name":"language","value":"cpython3"},{"name":"package","value":"tests.test_user_auth"},{"name":"resultFormat","value":"allure2"}],"parameters":[],"links":[],"hidden":false,"retry":false,"extra":{"severity":"normal","retries":[],"categories":[],"history":{"statistic":{"failed":0,"broken":0,"skipped":12,"passed":0,"unknown":0,"total":12},"items":[{"uid":"b80897a10fe2129a","reportUrl":"https://Badx86.github.io/LearnQA_Python_API/9//#testresult/b80897a10fe2129a","status":"skipped","statusDetails":"XFAIL Test passes individually but may fail in a suite run\n\nAssertionError: Failed User Agents: [('Mozilla/5.0 (iPad; CPU OS 13_2 like Mac OS X) AppleWebKit/605.1.15 (KHTML, like Gecko) CriOS/91.0.4472.77 Mobile/15E148 Safari/604.1', 'browser', 'Chrome', 'No'), ('Mozilla/5.0 (compatible; Googlebot/2.1; +http://www.google.com/bot.html)', 'platform', 'Googlebot', 'Unknown'), ('Mozilla/5.0 (iPad; CPU iPhone OS 13_2_3 like Mac OS X) AppleWebKit/605.1.15 (KHTML, like Gecko) Version/13.0.3 Mobile/15E148 Safari/604.1', 'device', 'iPhone', 'Unknown')]\nassert 3 == 0\n +  where 3 = len([('Mozilla/5.0 (iPad; CPU OS 13_2 like Mac OS X) AppleWebKit/605.1.15 (KHTML, like Gecko) CriOS/91.0.4472.77 Mobile/15...X) AppleWebKit/605.1.15 (KHTML, like Gecko) Version/13.0.3 Mobile/15E148 Safari/604.1', 'device', 'iPhone', 'Unknown')])\n +    where [('Mozilla/5.0 (iPad; CPU OS 13_2 like Mac OS X) AppleWebKit/605.1.15 (KHTML, like Gecko) CriOS/91.0.4472.77 Mobile/15...X) AppleWebKit/605.1.15 (KHTML, like Gecko) Version/13.0.3 Mobile/15E148 Safari/604.1', 'device', 'iPhone', 'Unknown')] = <tests.test_user_auth.TestUserAuth object at 0x7f78606d7110>.failed_agents","time":{"start":1697519213820,"stop":1697519213821,"duration":1}},{"uid":"10328c66ce1c94ae","reportUrl":"https://Badx86.github.io/LearnQA_Python_API/8//#testresult/10328c66ce1c94ae","status":"skipped","statusDetails":"XFAIL Test passes individually but may fail in a suite run\n\nAssertionError: Failed User Agents: [('Mozilla/5.0 (iPad; CPU OS 13_2 like Mac OS X) AppleWebKit/605.1.15 (KHTML, like Gecko) CriOS/91.0.4472.77 Mobile/15E148 Safari/604.1', 'browser', 'Chrome', 'No'), ('Mozilla/5.0 (compatible; Googlebot/2.1; +http://www.google.com/bot.html)', 'platform', 'Googlebot', 'Unknown'), ('Mozilla/5.0 (iPad; CPU iPhone OS 13_2_3 like Mac OS X) AppleWebKit/605.1.15 (KHTML, like Gecko) Version/13.0.3 Mobile/15E148 Safari/604.1', 'device', 'iPhone', 'Unknown')]\nassert 3 == 0\n +  where 3 = len([('Mozilla/5.0 (iPad; CPU OS 13_2 like Mac OS X) AppleWebKit/605.1.15 (KHTML, like Gecko) CriOS/91.0.4472.77 Mobile/15...X) AppleWebKit/605.1.15 (KHTML, like Gecko) Version/13.0.3 Mobile/15E148 Safari/604.1', 'device', 'iPhone', 'Unknown')])\n +    where [('Mozilla/5.0 (iPad; CPU OS 13_2 like Mac OS X) AppleWebKit/605.1.15 (KHTML, like Gecko) CriOS/91.0.4472.77 Mobile/15...X) AppleWebKit/605.1.15 (KHTML, like Gecko) Version/13.0.3 Mobile/15E148 Safari/604.1', 'device', 'iPhone', 'Unknown')] = <tests.test_user_auth.TestUserAuth object at 0x7f88271b6250>.failed_agents","time":{"start":1697432836248,"stop":1697432836249,"duration":1}},{"uid":"224aad75372d13d4","reportUrl":"https://Badx86.github.io/LearnQA_Python_API/7//#testresult/224aad75372d13d4","status":"skipped","statusDetails":"XFAIL Test passes individually but may fail in a suite run\n\nAssertionError: Failed User Agents: [('Mozilla/5.0 (iPad; CPU OS 13_2 like Mac OS X) AppleWebKit/605.1.15 (KHTML, like Gecko) CriOS/91.0.4472.77 Mobile/15E148 Safari/604.1', 'browser', 'Chrome', 'No'), ('Mozilla/5.0 (compatible; Googlebot/2.1; +http://www.google.com/bot.html)', 'platform', 'Googlebot', 'Unknown'), ('Mozilla/5.0 (iPad; CPU iPhone OS 13_2_3 like Mac OS X) AppleWebKit/605.1.15 (KHTML, like Gecko) Version/13.0.3 Mobile/15E148 Safari/604.1', 'device', 'iPhone', 'Unknown')]\nassert 3 == 0\n +  where 3 = len([('Mozilla/5.0 (iPad; CPU OS 13_2 like Mac OS X) AppleWebKit/605.1.15 (KHTML, like Gecko) CriOS/91.0.4472.77 Mobile/15...X) AppleWebKit/605.1.15 (KHTML, like Gecko) Version/13.0.3 Mobile/15E148 Safari/604.1', 'device', 'iPhone', 'Unknown')])\n +    where [('Mozilla/5.0 (iPad; CPU OS 13_2 like Mac OS X) AppleWebKit/605.1.15 (KHTML, like Gecko) CriOS/91.0.4472.77 Mobile/15...X) AppleWebKit/605.1.15 (KHTML, like Gecko) Version/13.0.3 Mobile/15E148 Safari/604.1', 'device', 'iPhone', 'Unknown')] = <tests.test_user_auth.TestUserAuth object at 0x7f98d86b2c10>.failed_agents","time":{"start":1697346357765,"stop":1697346357765,"duration":0}},{"uid":"eefc9593a504d0e5","reportUrl":"https://Badx86.github.io/LearnQA_Python_API/6//#testresult/eefc9593a504d0e5","status":"skipped","statusDetails":"XFAIL Test passes individually but may fail in a suite run\n\nAssertionError: Failed User Agents: [('Mozilla/5.0 (iPad; CPU OS 13_2 like Mac OS X) AppleWebKit/605.1.15 (KHTML, like Gecko) CriOS/91.0.4472.77 Mobile/15E148 Safari/604.1', 'browser', 'Chrome', 'No'), ('Mozilla/5.0 (compatible; Googlebot/2.1; +http://www.google.com/bot.html)', 'platform', 'Googlebot', 'Unknown'), ('Mozilla/5.0 (iPad; CPU iPhone OS 13_2_3 like Mac OS X) AppleWebKit/605.1.15 (KHTML, like Gecko) Version/13.0.3 Mobile/15E148 Safari/604.1', 'device', 'iPhone', 'Unknown')]\nassert 3 == 0\n +  where 3 = len([('Mozilla/5.0 (iPad; CPU OS 13_2 like Mac OS X) AppleWebKit/605.1.15 (KHTML, like Gecko) CriOS/91.0.4472.77 Mobile/15...X) AppleWebKit/605.1.15 (KHTML, like Gecko) Version/13.0.3 Mobile/15E148 Safari/604.1', 'device', 'iPhone', 'Unknown')])\n +    where [('Mozilla/5.0 (iPad; CPU OS 13_2 like Mac OS X) AppleWebKit/605.1.15 (KHTML, like Gecko) CriOS/91.0.4472.77 Mobile/15...X) AppleWebKit/605.1.15 (KHTML, like Gecko) Version/13.0.3 Mobile/15E148 Safari/604.1', 'device', 'iPhone', 'Unknown')] = <tests.test_user_auth.TestUserAuth object at 0x7f1e7b3e6450>.failed_agents","time":{"start":1697259944514,"stop":1697259944514,"duration":0}},{"uid":"83a8bbc3cc6ebdb1","reportUrl":"https://Badx86.github.io/LearnQA_Python_API/5//#testresult/83a8bbc3cc6ebdb1","status":"skipped","statusDetails":"XFAIL Test passes individually but may fail in a suite run\n\nAssertionError: Failed User Agents: [('Mozilla/5.0 (iPad; CPU OS 13_2 like Mac OS X) AppleWebKit/605.1.15 (KHTML, like Gecko) CriOS/91.0.4472.77 Mobile/15E148 Safari/604.1', 'browser', 'Chrome', 'No'), ('Mozilla/5.0 (compatible; Googlebot/2.1; +http://www.google.com/bot.html)', 'platform', 'Googlebot', 'Unknown'), ('Mozilla/5.0 (iPad; CPU iPhone OS 13_2_3 like Mac OS X) AppleWebKit/605.1.15 (KHTML, like Gecko) Version/13.0.3 Mobile/15E148 Safari/604.1', 'device', 'iPhone', 'Unknown')]\nassert 3 == 0\n +  where 3 = len([('Mozilla/5.0 (iPad; CPU OS 13_2 like Mac OS X) AppleWebKit/605.1.15 (KHTML, like Gecko) CriOS/91.0.4472.77 Mobile/15...X) AppleWebKit/605.1.15 (KHTML, like Gecko) Version/13.0.3 Mobile/15E148 Safari/604.1', 'device', 'iPhone', 'Unknown')])\n +    where [('Mozilla/5.0 (iPad; CPU OS 13_2 like Mac OS X) AppleWebKit/605.1.15 (KHTML, like Gecko) CriOS/91.0.4472.77 Mobile/15...X) AppleWebKit/605.1.15 (KHTML, like Gecko) Version/13.0.3 Mobile/15E148 Safari/604.1', 'device', 'iPhone', 'Unknown')] = <tests.test_user_auth.TestUserAuth object at 0x7f924a07e890>.failed_agents","time":{"start":1697173618271,"stop":1697173618272,"duration":1}},{"uid":"b8a34b8adc7aa316","reportUrl":"https://Badx86.github.io/LearnQA_Python_API/4//#testresult/b8a34b8adc7aa316","status":"skipped","statusDetails":"XFAIL Test passes individually but may fail in a suite run\n\nAssertionError: Failed User Agents: [('Mozilla/5.0 (iPad; CPU OS 13_2 like Mac OS X) AppleWebKit/605.1.15 (KHTML, like Gecko) CriOS/91.0.4472.77 Mobile/15E148 Safari/604.1', 'browser', 'Chrome', 'No'), ('Mozilla/5.0 (compatible; Googlebot/2.1; +http://www.google.com/bot.html)', 'platform', 'Googlebot', 'Unknown'), ('Mozilla/5.0 (iPad; CPU iPhone OS 13_2_3 like Mac OS X) AppleWebKit/605.1.15 (KHTML, like Gecko) Version/13.0.3 Mobile/15E148 Safari/604.1', 'device', 'iPhone', 'Unknown')]\nassert 3 == 0\n +  where 3 = len([('Mozilla/5.0 (iPad; CPU OS 13_2 like Mac OS X) AppleWebKit/605.1.15 (KHTML, like Gecko) CriOS/91.0.4472.77 Mobile/15...X) AppleWebKit/605.1.15 (KHTML, like Gecko) Version/13.0.3 Mobile/15E148 Safari/604.1', 'device', 'iPhone', 'Unknown')])\n +    where [('Mozilla/5.0 (iPad; CPU OS 13_2 like Mac OS X) AppleWebKit/605.1.15 (KHTML, like Gecko) CriOS/91.0.4472.77 Mobile/15...X) AppleWebKit/605.1.15 (KHTML, like Gecko) Version/13.0.3 Mobile/15E148 Safari/604.1', 'device', 'iPhone', 'Unknown')] = <tests.test_user_auth.TestUserAuth object at 0x7f894284e350>.failed_agents","time":{"start":1697136060365,"stop":1697136060366,"duration":1}},{"uid":"1cbb1a11529af5cd","reportUrl":"https://Badx86.github.io/LearnQA_Python_API/3//#testresult/1cbb1a11529af5cd","status":"skipped","statusDetails":"XFAIL Test passes individually but may fail in a suite run\n\nAssertionError: Failed User Agents: [('Mozilla/5.0 (iPad; CPU OS 13_2 like Mac OS X) AppleWebKit/605.1.15 (KHTML, like Gecko) CriOS/91.0.4472.77 Mobile/15E148 Safari/604.1', 'browser', 'Chrome', 'No'), ('Mozilla/5.0 (compatible; Googlebot/2.1; +http://www.google.com/bot.html)', 'platform', 'Googlebot', 'Unknown'), ('Mozilla/5.0 (iPad; CPU iPhone OS 13_2_3 like Mac OS X) AppleWebKit/605.1.15 (KHTML, like Gecko) Version/13.0.3 Mobile/15E148 Safari/604.1', 'device', 'iPhone', 'Unknown')]\nassert 3 == 0\n +  where 3 = len([('Mozilla/5.0 (iPad; CPU OS 13_2 like Mac OS X) AppleWebKit/605.1.15 (KHTML, like Gecko) CriOS/91.0.4472.77 Mobile/15...X) AppleWebKit/605.1.15 (KHTML, like Gecko) Version/13.0.3 Mobile/15E148 Safari/604.1', 'device', 'iPhone', 'Unknown')])\n +    where [('Mozilla/5.0 (iPad; CPU OS 13_2 like Mac OS X) AppleWebKit/605.1.15 (KHTML, like Gecko) CriOS/91.0.4472.77 Mobile/15...X) AppleWebKit/605.1.15 (KHTML, like Gecko) Version/13.0.3 Mobile/15E148 Safari/604.1', 'device', 'iPhone', 'Unknown')] = <tests.test_user_auth.TestUserAuth object at 0x7fc6623da7d0>.failed_agents","time":{"start":1697127752520,"stop":1697127752520,"duration":0}},{"uid":"4ca86df811c38b74","reportUrl":"https://Badx86.github.io/LearnQA_Python_API/2//#testresult/4ca86df811c38b74","status":"skipped","statusDetails":"XFAIL Test passes individually but may fail in a suite run\n\nAssertionError: Failed User Agents: [('Mozilla/5.0 (iPad; CPU OS 13_2 like Mac OS X) AppleWebKit/605.1.15 (KHTML, like Gecko) CriOS/91.0.4472.77 Mobile/15E148 Safari/604.1', 'browser', 'Chrome', 'No'), ('Mozilla/5.0 (compatible; Googlebot/2.1; +http://www.google.com/bot.html)', 'platform', 'Googlebot', 'Unknown'), ('Mozilla/5.0 (iPad; CPU iPhone OS 13_2_3 like Mac OS X) AppleWebKit/605.1.15 (KHTML, like Gecko) Version/13.0.3 Mobile/15E148 Safari/604.1', 'device', 'iPhone', 'Unknown')]\nassert 3 == 0\n +  where 3 = len([('Mozilla/5.0 (iPad; CPU OS 13_2 like Mac OS X) AppleWebKit/605.1.15 (KHTML, like Gecko) CriOS/91.0.4472.77 Mobile/15...X) AppleWebKit/605.1.15 (KHTML, like Gecko) Version/13.0.3 Mobile/15E148 Safari/604.1', 'device', 'iPhone', 'Unknown')])\n +    where [('Mozilla/5.0 (iPad; CPU OS 13_2 like Mac OS X) AppleWebKit/605.1.15 (KHTML, like Gecko) CriOS/91.0.4472.77 Mobile/15...X) AppleWebKit/605.1.15 (KHTML, like Gecko) Version/13.0.3 Mobile/15E148 Safari/604.1', 'device', 'iPhone', 'Unknown')] = <tests.test_user_auth.TestUserAuth object at 0x7f3ac60b2950>.failed_agents","time":{"start":1697126821397,"stop":1697126821398,"duration":1}},{"uid":"e2c3948d92641453","reportUrl":"https://Badx86.github.io/LearnQA_Python_API/1//#testresult/e2c3948d92641453","status":"skipped","statusDetails":"XFAIL Test passes individually but may fail in a suite run\n\nAssertionError: Failed User Agents: [('Mozilla/5.0 (iPad; CPU OS 13_2 like Mac OS X) AppleWebKit/605.1.15 (KHTML, like Gecko) CriOS/91.0.4472.77 Mobile/15E148 Safari/604.1', 'browser', 'Chrome', 'No'), ('Mozilla/5.0 (compatible; Googlebot/2.1; +http://www.google.com/bot.html)', 'platform', 'Googlebot', 'Unknown'), ('Mozilla/5.0 (iPad; CPU iPhone OS 13_2_3 like Mac OS X) AppleWebKit/605.1.15 (KHTML, like Gecko) Version/13.0.3 Mobile/15E148 Safari/604.1', 'device', 'iPhone', 'Unknown')]\nassert 3 == 0\n +  where 3 = len([('Mozilla/5.0 (iPad; CPU OS 13_2 like Mac OS X) AppleWebKit/605.1.15 (KHTML, like Gecko) CriOS/91.0.4472.77 Mobile/15...X) AppleWebKit/605.1.15 (KHTML, like Gecko) Version/13.0.3 Mobile/15E148 Safari/604.1', 'device', 'iPhone', 'Unknown')])\n +    where [('Mozilla/5.0 (iPad; CPU OS 13_2 like Mac OS X) AppleWebKit/605.1.15 (KHTML, like Gecko) CriOS/91.0.4472.77 Mobile/15...X) AppleWebKit/605.1.15 (KHTML, like Gecko) Version/13.0.3 Mobile/15E148 Safari/604.1', 'device', 'iPhone', 'Unknown')] = <tests.test_user_auth.TestUserAuth object at 0x7f7d2f5e6050>.failed_agents","time":{"start":1697126388816,"stop":1697126388816,"duration":0}},{"uid":"dbc598ae4463d01e","reportUrl":"https://Badx86.github.io/LearnQA_Python_API/2//#testresult/dbc598ae4463d01e","status":"skipped","statusDetails":"XFAIL Test passes individually but may fail in a suite run\n\nAssertionError: Failed User Agents: [('Mozilla/5.0 (iPad; CPU OS 13_2 like Mac OS X) AppleWebKit/605.1.15 (KHTML, like Gecko) CriOS/91.0.4472.77 Mobile/15E148 Safari/604.1', 'browser', 'Chrome', 'No'), ('Mozilla/5.0 (compatible; Googlebot/2.1; +http://www.google.com/bot.html)', 'platform', 'Googlebot', 'Unknown'), ('Mozilla/5.0 (iPad; CPU iPhone OS 13_2_3 like Mac OS X) AppleWebKit/605.1.15 (KHTML, like Gecko) Version/13.0.3 Mobile/15E148 Safari/604.1', 'device', 'iPhone', 'Unknown')]\nassert 3 == 0\n +  where 3 = len([('Mozilla/5.0 (iPad; CPU OS 13_2 like Mac OS X) AppleWebKit/605.1.15 (KHTML, like Gecko) CriOS/91.0.4472.77 Mobile/15...X) AppleWebKit/605.1.15 (KHTML, like Gecko) Version/13.0.3 Mobile/15E148 Safari/604.1', 'device', 'iPhone', 'Unknown')])\n +    where [('Mozilla/5.0 (iPad; CPU OS 13_2 like Mac OS X) AppleWebKit/605.1.15 (KHTML, like Gecko) CriOS/91.0.4472.77 Mobile/15...X) AppleWebKit/605.1.15 (KHTML, like Gecko) Version/13.0.3 Mobile/15E148 Safari/604.1', 'device', 'iPhone', 'Unknown')] = <tests.test_user_auth.TestUserAuth object at 0x7f2bd5cea4d0>.failed_agents","time":{"start":1697126037530,"stop":1697126037531,"duration":1}},{"uid":"62c3e0ee006b5cd3","reportUrl":"https://Badx86.github.io/LearnQA_Python_API/1//#testresult/62c3e0ee006b5cd3","status":"skipped","statusDetails":"XFAIL Test passes individually but may fail in a suite run\n\nAssertionError: Failed User Agents: [('Mozilla/5.0 (iPad; CPU OS 13_2 like Mac OS X) AppleWebKit/605.1.15 (KHTML, like Gecko) CriOS/91.0.4472.77 Mobile/15E148 Safari/604.1', 'browser', 'Chrome', 'No'), ('Mozilla/5.0 (compatible; Googlebot/2.1; +http://www.google.com/bot.html)', 'platform', 'Googlebot', 'Unknown'), ('Mozilla/5.0 (iPad; CPU iPhone OS 13_2_3 like Mac OS X) AppleWebKit/605.1.15 (KHTML, like Gecko) Version/13.0.3 Mobile/15E148 Safari/604.1', 'device', 'iPhone', 'Unknown')]\nassert 3 == 0\n +  where 3 = len([('Mozilla/5.0 (iPad; CPU OS 13_2 like Mac OS X) AppleWebKit/605.1.15 (KHTML, like Gecko) CriOS/91.0.4472.77 Mobile/15...X) AppleWebKit/605.1.15 (KHTML, like Gecko) Version/13.0.3 Mobile/15E148 Safari/604.1', 'device', 'iPhone', 'Unknown')])\n +    where [('Mozilla/5.0 (iPad; CPU OS 13_2 like Mac OS X) AppleWebKit/605.1.15 (KHTML, like Gecko) CriOS/91.0.4472.77 Mobile/15...X) AppleWebKit/605.1.15 (KHTML, like Gecko) Version/13.0.3 Mobile/15E148 Safari/604.1', 'device', 'iPhone', 'Unknown')] = <tests.test_user_auth.TestUserAuth object at 0x7f3b74fe6410>.failed_agents","time":{"start":1697125829101,"stop":1697125829101,"duration":0}}]},"tags":["@pytest.mark.xfail(reason='Test passes individually but may fail in a suite run')"]},"source":"1626e7a130553db.json","parameterValues":[]}