{"uid":"1d7c0e35fdd28f7e","name":"test_summary","fullName":"tests.test_user_auth.TestUserAuth#test_summary","historyId":"60e3e602e149baf1e578e11e95f1fb22","time":{"start":1697058825390,"stop":1697058825390,"duration":0},"description":"Final test to check if there were any identification errors for User Agents","descriptionHtml":"<p>Final test to check if there were any identification errors for User Agents</p>\n","status":"skipped","statusMessage":"XFAIL\n\nAssertionError: Failed User Agents: [('Mozilla/5.0 (iPad; CPU OS 13_2 like Mac OS X) AppleWebKit/605.1.15 (KHTML, like Gecko) CriOS/91.0.4472.77 Mobile/15E148 Safari/604.1', 'browser', 'Chrome', 'No'), ('Mozilla/5.0 (compatible; Googlebot/2.1; +http://www.google.com/bot.html)', 'platform', 'Googlebot', 'Unknown'), ('Mozilla/5.0 (iPad; CPU iPhone OS 13_2_3 like Mac OS X) AppleWebKit/605.1.15 (KHTML, like Gecko) Version/13.0.3 Mobile/15E148 Safari/604.1', 'device', 'iPhone', 'Unknown')]\nassert 3 == 0\n +  where 3 = len([('Mozilla/5.0 (iPad; CPU OS 13_2 like Mac OS X) AppleWebKit/605.1.15 (KHTML, like Gecko) CriOS/91.0.4472.77 Mobile/15...X) AppleWebKit/605.1.15 (KHTML, like Gecko) Version/13.0.3 Mobile/15E148 Safari/604.1', 'device', 'iPhone', 'Unknown')])\n +    where [('Mozilla/5.0 (iPad; CPU OS 13_2 like Mac OS X) AppleWebKit/605.1.15 (KHTML, like Gecko) CriOS/91.0.4472.77 Mobile/15...X) AppleWebKit/605.1.15 (KHTML, like Gecko) Version/13.0.3 Mobile/15E148 Safari/604.1', 'device', 'iPhone', 'Unknown')] = <tests.test_user_auth.TestUserAuth object at 0x000002B9FA408ED0>.failed_agents","statusTrace":"self = <tests.test_user_auth.TestUserAuth object at 0x000002B9FA408ED0>\n\n    @allure.description(\"Final test to check if there were any identification errors for User Agents\")\n    @pytest.mark.xfail\n    def test_summary(self):\n        \"\"\"\n        Итоговый тест, который проверяет, были ли ошибки в определении User Agent\n        \"\"\"\n>       assert len(self.failed_agents) == 0, f\"Failed User Agents: {self.failed_agents}\"\nE       AssertionError: Failed User Agents: [('Mozilla/5.0 (iPad; CPU OS 13_2 like Mac OS X) AppleWebKit/605.1.15 (KHTML, like Gecko) CriOS/91.0.4472.77 Mobile/15E148 Safari/604.1', 'browser', 'Chrome', 'No'), ('Mozilla/5.0 (compatible; Googlebot/2.1; +http://www.google.com/bot.html)', 'platform', 'Googlebot', 'Unknown'), ('Mozilla/5.0 (iPad; CPU iPhone OS 13_2_3 like Mac OS X) AppleWebKit/605.1.15 (KHTML, like Gecko) Version/13.0.3 Mobile/15E148 Safari/604.1', 'device', 'iPhone', 'Unknown')]\nE       assert 3 == 0\nE        +  where 3 = len([('Mozilla/5.0 (iPad; CPU OS 13_2 like Mac OS X) AppleWebKit/605.1.15 (KHTML, like Gecko) CriOS/91.0.4472.77 Mobile/15...X) AppleWebKit/605.1.15 (KHTML, like Gecko) Version/13.0.3 Mobile/15E148 Safari/604.1', 'device', 'iPhone', 'Unknown')])\nE        +    where [('Mozilla/5.0 (iPad; CPU OS 13_2 like Mac OS X) AppleWebKit/605.1.15 (KHTML, like Gecko) CriOS/91.0.4472.77 Mobile/15...X) AppleWebKit/605.1.15 (KHTML, like Gecko) Version/13.0.3 Mobile/15E148 Safari/604.1', 'device', 'iPhone', 'Unknown')] = <tests.test_user_auth.TestUserAuth object at 0x000002B9FA408ED0>.failed_agents\n\ntests\\test_user_auth.py:154: AssertionError","flaky":false,"newFailed":false,"newBroken":false,"newPassed":false,"retriesCount":0,"retriesStatusChange":false,"beforeStages":[{"name":"_xunit_setup_method_fixture_TestUserAuth","time":{"start":1697058825024,"stop":1697058825390,"duration":366},"status":"passed","steps":[{"name":"Setting up user authentication and necessary tokens and cookies","time":{"start":1697058825024,"stop":1697058825390,"duration":366},"status":"passed","steps":[{"name":"POST request to URL '/user/login'","time":{"start":1697058825024,"stop":1697058825390,"duration":366},"status":"passed","steps":[],"attachments":[],"parameters":[],"shouldDisplayMessage":false,"stepsCount":0,"attachmentsCount":0,"hasContent":false}],"attachments":[],"parameters":[{"name":"method","value":"<bound method TestUserAuth.test_summary of <tests.test_user_auth.TestUserAuth object at 0x000002B9FA408ED0>>"}],"shouldDisplayMessage":false,"stepsCount":1,"attachmentsCount":0,"hasContent":true}],"attachments":[],"parameters":[],"shouldDisplayMessage":false,"stepsCount":2,"attachmentsCount":0,"hasContent":true}],"afterStages":[{"name":"_xunit_setup_method_fixture_TestUserAuth::0","time":{"start":1697058825482,"stop":1697058825482,"duration":0},"status":"passed","steps":[],"attachments":[],"parameters":[],"shouldDisplayMessage":false,"stepsCount":0,"attachmentsCount":0,"hasContent":false}],"labels":[{"name":"epic","value":"Authorization cases"},{"name":"tag","value":"@pytest.mark.xfail"},{"name":"parentSuite","value":"tests"},{"name":"suite","value":"test_user_auth"},{"name":"subSuite","value":"TestUserAuth"},{"name":"host","value":"LAPTOP-SFQ2DO00"},{"name":"thread","value":"17712-MainThread"},{"name":"framework","value":"pytest"},{"name":"language","value":"cpython3"},{"name":"package","value":"tests.test_user_auth"},{"name":"resultFormat","value":"allure2"}],"parameters":[],"links":[],"hidden":true,"retry":true,"extra":{"categories":[],"tags":["@pytest.mark.xfail"]},"source":"1d7c0e35fdd28f7e.json","parameterValues":[]}