{"uid":"e2c3948d92641453","name":"test_summary","fullName":"tests.test_user_auth.TestUserAuth#test_summary","historyId":"60e3e602e149baf1e578e11e95f1fb22","time":{"start":1697126388816,"stop":1697126388816,"duration":0},"description":"Final test to check if there were any identification errors for User Agents","descriptionHtml":"<p>Final test to check if there were any identification errors for User Agents</p>\n","status":"skipped","statusMessage":"XFAIL Test passes individually but may fail in a suite run\n\nAssertionError: Failed User Agents: [('Mozilla/5.0 (iPad; CPU OS 13_2 like Mac OS X) AppleWebKit/605.1.15 (KHTML, like Gecko) CriOS/91.0.4472.77 Mobile/15E148 Safari/604.1', 'browser', 'Chrome', 'No'), ('Mozilla/5.0 (compatible; Googlebot/2.1; +http://www.google.com/bot.html)', 'platform', 'Googlebot', 'Unknown'), ('Mozilla/5.0 (iPad; CPU iPhone OS 13_2_3 like Mac OS X) AppleWebKit/605.1.15 (KHTML, like Gecko) Version/13.0.3 Mobile/15E148 Safari/604.1', 'device', 'iPhone', 'Unknown')]\nassert 3 == 0\n +  where 3 = len([('Mozilla/5.0 (iPad; CPU OS 13_2 like Mac OS X) AppleWebKit/605.1.15 (KHTML, like Gecko) CriOS/91.0.4472.77 Mobile/15...X) AppleWebKit/605.1.15 (KHTML, like Gecko) Version/13.0.3 Mobile/15E148 Safari/604.1', 'device', 'iPhone', 'Unknown')])\n +    where [('Mozilla/5.0 (iPad; CPU OS 13_2 like Mac OS X) AppleWebKit/605.1.15 (KHTML, like Gecko) CriOS/91.0.4472.77 Mobile/15...X) AppleWebKit/605.1.15 (KHTML, like Gecko) Version/13.0.3 Mobile/15E148 Safari/604.1', 'device', 'iPhone', 'Unknown')] = <tests.test_user_auth.TestUserAuth object at 0x7f7d2f5e6050>.failed_agents","statusTrace":"self = <tests.test_user_auth.TestUserAuth object at 0x7f7d2f5e6050>\n\n    @allure.description(\"Final test to check if there were any identification errors for User Agents\")\n    @pytest.mark.xfail(reason=\"Test passes individually but may fail in a suite run\")\n    def test_summary(self):\n        \"\"\"\n        Итоговый тест, который проверяет, были ли ошибки в определении User Agent\n        \"\"\"\n>       assert len(self.failed_agents) == 0, f\"Failed User Agents: {self.failed_agents}\"\nE       AssertionError: Failed User Agents: [('Mozilla/5.0 (iPad; CPU OS 13_2 like Mac OS X) AppleWebKit/605.1.15 (KHTML, like Gecko) CriOS/91.0.4472.77 Mobile/15E148 Safari/604.1', 'browser', 'Chrome', 'No'), ('Mozilla/5.0 (compatible; Googlebot/2.1; +http://www.google.com/bot.html)', 'platform', 'Googlebot', 'Unknown'), ('Mozilla/5.0 (iPad; CPU iPhone OS 13_2_3 like Mac OS X) AppleWebKit/605.1.15 (KHTML, like Gecko) Version/13.0.3 Mobile/15E148 Safari/604.1', 'device', 'iPhone', 'Unknown')]\nE       assert 3 == 0\nE        +  where 3 = len([('Mozilla/5.0 (iPad; CPU OS 13_2 like Mac OS X) AppleWebKit/605.1.15 (KHTML, like Gecko) CriOS/91.0.4472.77 Mobile/15...X) AppleWebKit/605.1.15 (KHTML, like Gecko) Version/13.0.3 Mobile/15E148 Safari/604.1', 'device', 'iPhone', 'Unknown')])\nE        +    where [('Mozilla/5.0 (iPad; CPU OS 13_2 like Mac OS X) AppleWebKit/605.1.15 (KHTML, like Gecko) CriOS/91.0.4472.77 Mobile/15...X) AppleWebKit/605.1.15 (KHTML, like Gecko) Version/13.0.3 Mobile/15E148 Safari/604.1', 'device', 'iPhone', 'Unknown')] = <tests.test_user_auth.TestUserAuth object at 0x7f7d2f5e6050>.failed_agents\n\ntests/test_user_auth.py:154: AssertionError","flaky":false,"newFailed":false,"newBroken":false,"newPassed":false,"retriesCount":6,"retriesStatusChange":true,"beforeStages":[{"name":"_xunit_setup_method_fixture_TestUserAuth","time":{"start":1697126387925,"stop":1697126388815,"duration":890},"status":"passed","steps":[{"name":"Setting up user authentication and necessary tokens and cookies","time":{"start":1697126387925,"stop":1697126388815,"duration":890},"status":"passed","steps":[{"name":"POST request to URL '/user/login'","time":{"start":1697126387925,"stop":1697126388814,"duration":889},"status":"passed","steps":[],"attachments":[],"parameters":[],"shouldDisplayMessage":false,"stepsCount":0,"attachmentsCount":0,"hasContent":false}],"attachments":[],"parameters":[{"name":"method","value":"<bound method TestUserAuth.test_summary of <tests.test_user_auth.TestUserAuth object at 0x7f7d2f5e6050>>"}],"shouldDisplayMessage":false,"stepsCount":1,"attachmentsCount":0,"hasContent":true}],"attachments":[],"parameters":[],"shouldDisplayMessage":false,"stepsCount":2,"attachmentsCount":0,"hasContent":true}],"afterStages":[{"name":"_xunit_setup_method_fixture_TestUserAuth::0","time":{"start":1697126388840,"stop":1697126388840,"duration":0},"status":"passed","steps":[],"attachments":[],"parameters":[],"shouldDisplayMessage":false,"stepsCount":0,"attachmentsCount":0,"hasContent":false}],"labels":[{"name":"epic","value":"Authorization cases"},{"name":"tag","value":"@pytest.mark.xfail(reason='Test passes individually but may fail in a suite run')"},{"name":"parentSuite","value":"tests"},{"name":"suite","value":"test_user_auth"},{"name":"subSuite","value":"TestUserAuth"},{"name":"host","value":"fv-az570-444"},{"name":"thread","value":"2227-MainThread"},{"name":"framework","value":"pytest"},{"name":"language","value":"cpython3"},{"name":"package","value":"tests.test_user_auth"},{"name":"resultFormat","value":"allure2"}],"parameters":[],"links":[],"hidden":false,"retry":false,"extra":{"severity":"normal","retries":[{"uid":"57574953aea06360","status":"skipped","statusDetails":"XFAIL Test passes individually but may fail in a suite run\n\nAssertionError: Failed User Agents: [('Mozilla/5.0 (iPad; CPU OS 13_2 like Mac OS X) AppleWebKit/605.1.15 (KHTML, like Gecko) CriOS/91.0.4472.77 Mobile/15E148 Safari/604.1', 'browser', 'Chrome', 'No'), ('Mozilla/5.0 (compatible; Googlebot/2.1; +http://www.google.com/bot.html)', 'platform', 'Googlebot', 'Unknown'), ('Mozilla/5.0 (iPad; CPU iPhone OS 13_2_3 like Mac OS X) AppleWebKit/605.1.15 (KHTML, like Gecko) Version/13.0.3 Mobile/15E148 Safari/604.1', 'device', 'iPhone', 'Unknown')]\nassert 3 == 0\n +  where 3 = len([('Mozilla/5.0 (iPad; CPU OS 13_2 like Mac OS X) AppleWebKit/605.1.15 (KHTML, like Gecko) CriOS/91.0.4472.77 Mobile/15...X) AppleWebKit/605.1.15 (KHTML, like Gecko) Version/13.0.3 Mobile/15E148 Safari/604.1', 'device', 'iPhone', 'Unknown')])\n +    where [('Mozilla/5.0 (iPad; CPU OS 13_2 like Mac OS X) AppleWebKit/605.1.15 (KHTML, like Gecko) CriOS/91.0.4472.77 Mobile/15...X) AppleWebKit/605.1.15 (KHTML, like Gecko) Version/13.0.3 Mobile/15E148 Safari/604.1', 'device', 'iPhone', 'Unknown')] = <tests.test_user_auth.TestUserAuth object at 0x000001A637377090>.failed_agents","time":{"start":1697124196433,"stop":1697124196434,"duration":1}},{"uid":"5c18691daa5afff6","status":"passed","statusDetails":"XPASS Test passes individually but may fail in a suite run","time":{"start":1697124019598,"stop":1697124019599,"duration":1}},{"uid":"db0ece3a7d762f01","status":"passed","statusDetails":"XPASS Test passes individually but may fail in a suite run","time":{"start":1697123965785,"stop":1697123965785,"duration":0}},{"uid":"b454df411bf7c0f2","status":"skipped","statusDetails":"XFAIL\n\nAssertionError: Failed User Agents: [('Mozilla/5.0 (iPad; CPU OS 13_2 like Mac OS X) AppleWebKit/605.1.15 (KHTML, like Gecko) CriOS/91.0.4472.77 Mobile/15E148 Safari/604.1', 'browser', 'Chrome', 'No'), ('Mozilla/5.0 (compatible; Googlebot/2.1; +http://www.google.com/bot.html)', 'platform', 'Googlebot', 'Unknown'), ('Mozilla/5.0 (iPad; CPU iPhone OS 13_2_3 like Mac OS X) AppleWebKit/605.1.15 (KHTML, like Gecko) Version/13.0.3 Mobile/15E148 Safari/604.1', 'device', 'iPhone', 'Unknown')]\nassert 3 == 0\n +  where 3 = len([('Mozilla/5.0 (iPad; CPU OS 13_2 like Mac OS X) AppleWebKit/605.1.15 (KHTML, like Gecko) CriOS/91.0.4472.77 Mobile/15...X) AppleWebKit/605.1.15 (KHTML, like Gecko) Version/13.0.3 Mobile/15E148 Safari/604.1', 'device', 'iPhone', 'Unknown')])\n +    where [('Mozilla/5.0 (iPad; CPU OS 13_2 like Mac OS X) AppleWebKit/605.1.15 (KHTML, like Gecko) CriOS/91.0.4472.77 Mobile/15...X) AppleWebKit/605.1.15 (KHTML, like Gecko) Version/13.0.3 Mobile/15E148 Safari/604.1', 'device', 'iPhone', 'Unknown')] = <tests.test_user_auth.TestUserAuth object at 0x000001E17D7E8D90>.failed_agents","time":{"start":1697059870509,"stop":1697059870510,"duration":1}},{"uid":"1d7c0e35fdd28f7e","status":"skipped","statusDetails":"XFAIL\n\nAssertionError: Failed User Agents: [('Mozilla/5.0 (iPad; CPU OS 13_2 like Mac OS X) AppleWebKit/605.1.15 (KHTML, like Gecko) CriOS/91.0.4472.77 Mobile/15E148 Safari/604.1', 'browser', 'Chrome', 'No'), ('Mozilla/5.0 (compatible; Googlebot/2.1; +http://www.google.com/bot.html)', 'platform', 'Googlebot', 'Unknown'), ('Mozilla/5.0 (iPad; CPU iPhone OS 13_2_3 like Mac OS X) AppleWebKit/605.1.15 (KHTML, like Gecko) Version/13.0.3 Mobile/15E148 Safari/604.1', 'device', 'iPhone', 'Unknown')]\nassert 3 == 0\n +  where 3 = len([('Mozilla/5.0 (iPad; CPU OS 13_2 like Mac OS X) AppleWebKit/605.1.15 (KHTML, like Gecko) CriOS/91.0.4472.77 Mobile/15...X) AppleWebKit/605.1.15 (KHTML, like Gecko) Version/13.0.3 Mobile/15E148 Safari/604.1', 'device', 'iPhone', 'Unknown')])\n +    where [('Mozilla/5.0 (iPad; CPU OS 13_2 like Mac OS X) AppleWebKit/605.1.15 (KHTML, like Gecko) CriOS/91.0.4472.77 Mobile/15...X) AppleWebKit/605.1.15 (KHTML, like Gecko) Version/13.0.3 Mobile/15E148 Safari/604.1', 'device', 'iPhone', 'Unknown')] = <tests.test_user_auth.TestUserAuth object at 0x000002B9FA408ED0>.failed_agents","time":{"start":1697058825390,"stop":1697058825390,"duration":0}},{"uid":"294a735b83a3d47f","status":"skipped","statusDetails":"XFAIL\n\nAssertionError: Failed User Agents: [('Mozilla/5.0 (iPad; CPU OS 13_2 like Mac OS X) AppleWebKit/605.1.15 (KHTML, like Gecko) CriOS/91.0.4472.77 Mobile/15E148 Safari/604.1', 'browser', 'Chrome', 'No'), ('Mozilla/5.0 (compatible; Googlebot/2.1; +http://www.google.com/bot.html)', 'platform', 'Googlebot', 'Unknown'), ('Mozilla/5.0 (iPad; CPU iPhone OS 13_2_3 like Mac OS X) AppleWebKit/605.1.15 (KHTML, like Gecko) Version/13.0.3 Mobile/15E148 Safari/604.1', 'device', 'iPhone', 'Unknown')]\nassert 3 == 0\n +  where 3 = len([('Mozilla/5.0 (iPad; CPU OS 13_2 like Mac OS X) AppleWebKit/605.1.15 (KHTML, like Gecko) CriOS/91.0.4472.77 Mobile/15...X) AppleWebKit/605.1.15 (KHTML, like Gecko) Version/13.0.3 Mobile/15E148 Safari/604.1', 'device', 'iPhone', 'Unknown')])\n +    where [('Mozilla/5.0 (iPad; CPU OS 13_2 like Mac OS X) AppleWebKit/605.1.15 (KHTML, like Gecko) CriOS/91.0.4472.77 Mobile/15...X) AppleWebKit/605.1.15 (KHTML, like Gecko) Version/13.0.3 Mobile/15E148 Safari/604.1', 'device', 'iPhone', 'Unknown')] = <tests.test_user_auth.TestUserAuth object at 0x0000028079547E50>.failed_agents","time":{"start":1696981271061,"stop":1696981271061,"duration":0}}],"categories":[],"history":{"statistic":{"failed":0,"broken":0,"skipped":3,"passed":0,"unknown":0,"total":3},"items":[{"uid":"dbc598ae4463d01e","reportUrl":"https://Badx86.github.io/LearnQA_Python_API/2//#testresult/dbc598ae4463d01e","status":"skipped","statusDetails":"XFAIL Test passes individually but may fail in a suite run\n\nAssertionError: Failed User Agents: [('Mozilla/5.0 (iPad; CPU OS 13_2 like Mac OS X) AppleWebKit/605.1.15 (KHTML, like Gecko) CriOS/91.0.4472.77 Mobile/15E148 Safari/604.1', 'browser', 'Chrome', 'No'), ('Mozilla/5.0 (compatible; Googlebot/2.1; +http://www.google.com/bot.html)', 'platform', 'Googlebot', 'Unknown'), ('Mozilla/5.0 (iPad; CPU iPhone OS 13_2_3 like Mac OS X) AppleWebKit/605.1.15 (KHTML, like Gecko) Version/13.0.3 Mobile/15E148 Safari/604.1', 'device', 'iPhone', 'Unknown')]\nassert 3 == 0\n +  where 3 = len([('Mozilla/5.0 (iPad; CPU OS 13_2 like Mac OS X) AppleWebKit/605.1.15 (KHTML, like Gecko) CriOS/91.0.4472.77 Mobile/15...X) AppleWebKit/605.1.15 (KHTML, like Gecko) Version/13.0.3 Mobile/15E148 Safari/604.1', 'device', 'iPhone', 'Unknown')])\n +    where [('Mozilla/5.0 (iPad; CPU OS 13_2 like Mac OS X) AppleWebKit/605.1.15 (KHTML, like Gecko) CriOS/91.0.4472.77 Mobile/15...X) AppleWebKit/605.1.15 (KHTML, like Gecko) Version/13.0.3 Mobile/15E148 Safari/604.1', 'device', 'iPhone', 'Unknown')] = <tests.test_user_auth.TestUserAuth object at 0x7f2bd5cea4d0>.failed_agents","time":{"start":1697126037530,"stop":1697126037531,"duration":1}},{"uid":"62c3e0ee006b5cd3","reportUrl":"https://Badx86.github.io/LearnQA_Python_API/1//#testresult/62c3e0ee006b5cd3","status":"skipped","statusDetails":"XFAIL Test passes individually but may fail in a suite run\n\nAssertionError: Failed User Agents: [('Mozilla/5.0 (iPad; CPU OS 13_2 like Mac OS X) AppleWebKit/605.1.15 (KHTML, like Gecko) CriOS/91.0.4472.77 Mobile/15E148 Safari/604.1', 'browser', 'Chrome', 'No'), ('Mozilla/5.0 (compatible; Googlebot/2.1; +http://www.google.com/bot.html)', 'platform', 'Googlebot', 'Unknown'), ('Mozilla/5.0 (iPad; CPU iPhone OS 13_2_3 like Mac OS X) AppleWebKit/605.1.15 (KHTML, like Gecko) Version/13.0.3 Mobile/15E148 Safari/604.1', 'device', 'iPhone', 'Unknown')]\nassert 3 == 0\n +  where 3 = len([('Mozilla/5.0 (iPad; CPU OS 13_2 like Mac OS X) AppleWebKit/605.1.15 (KHTML, like Gecko) CriOS/91.0.4472.77 Mobile/15...X) AppleWebKit/605.1.15 (KHTML, like Gecko) Version/13.0.3 Mobile/15E148 Safari/604.1', 'device', 'iPhone', 'Unknown')])\n +    where [('Mozilla/5.0 (iPad; CPU OS 13_2 like Mac OS X) AppleWebKit/605.1.15 (KHTML, like Gecko) CriOS/91.0.4472.77 Mobile/15...X) AppleWebKit/605.1.15 (KHTML, like Gecko) Version/13.0.3 Mobile/15E148 Safari/604.1', 'device', 'iPhone', 'Unknown')] = <tests.test_user_auth.TestUserAuth object at 0x7f3b74fe6410>.failed_agents","time":{"start":1697125829101,"stop":1697125829101,"duration":0}}]},"tags":["@pytest.mark.xfail(reason='Test passes individually but may fail in a suite run')"]},"source":"e2c3948d92641453.json","parameterValues":[]}